{"uid":"ce9041991095fa23","name":"Hootel Login","fullName":"test.test_hootel.TestHootel#test_login","historyId":"1c574e300f01ee8dbb888f7ace0438ff","time":{"start":1708628239916,"stop":1708628245013,"duration":5097},"description":"A belépés tesztelése","descriptionHtml":"<p>A belépés tesztelése</p>\n","status":"broken","statusMessage":"selenium.common.exceptions.TimeoutException: Message: \nStacktrace:\n#0 0x55960b6f7303 <unknown>\n#1 0x55960b3dc2b7 <unknown>\n#2 0x55960b427cc0 <unknown>\n#3 0x55960b427db1 <unknown>\n#4 0x55960b46bb44 <unknown>\n#5 0x55960b44a3ad <unknown>\n#6 0x55960b46907c <unknown>\n#7 0x55960b44a123 <unknown>\n#8 0x55960b41a095 <unknown>\n#9 0x55960b41b09e <unknown>\n#10 0x55960b6bb6ab <unknown>\n#11 0x55960b6bf4ba <unknown>\n#12 0x55960b6a7f85 <unknown>\n#13 0x55960b6c012f <unknown>\n#14 0x55960b68be6f <unknown>\n#15 0x55960b6e45f8 <unknown>\n#16 0x55960b6e47c2 <unknown>\n#17 0x55960b6f64a4 <unknown>\n#18 0x7f613ae94ac3 <unknown>","statusTrace":"self = <test_hootel.TestHootel object at 0x7f301eadb460>\n\n    @allure.title(\"Hootel Login\")\n    @allure.description(\"A belépés tesztelése\")\n    @allure.severity(allure.severity_level.TRIVIAL)\n    @allure.tag(\"login\")\n    def test_login(self):\n>       menu_btn = WebDriverWait(self.browser,5).until(EC.element_to_be_clickable((By.XPATH, '//span[@class=\"navbar-toggler\"]')))\n\ntest/test_hootel.py:29: \n_ _ _ _ _ _ _ _ _ _ _ _ _ _ _ _ _ _ _ _ _ _ _ _ _ _ _ _ _ _ _ _ _ _ _ _ _ _ _ _ \n\nself = <selenium.webdriver.support.wait.WebDriverWait (session=\"b788e0f7922caaede0d5bb0d66decd36\")>\nmethod = <function element_to_be_clickable.<locals>._predicate at 0x7f301f36b250>\nmessage = ''\n\n    def until(self, method: Callable[[D], Union[Literal[False], T]], message: str = \"\") -> T:\n        \"\"\"Calls the method provided with the driver as an argument until the \\\n        return value does not evaluate to ``False``.\n    \n        :param method: callable(WebDriver)\n        :param message: optional message for :exc:`TimeoutException`\n        :returns: the result of the last call to `method`\n        :raises: :exc:`selenium.common.exceptions.TimeoutException` if timeout occurs\n        \"\"\"\n        screen = None\n        stacktrace = None\n    \n        end_time = time.monotonic() + self._timeout\n        while True:\n            try:\n                value = method(self._driver)\n                if value:\n                    return value\n            except self._ignored_exceptions as exc:\n                screen = getattr(exc, \"screen\", None)\n                stacktrace = getattr(exc, \"stacktrace\", None)\n            time.sleep(self._poll)\n            if time.monotonic() > end_time:\n                break\n>       raise TimeoutException(message, screen, stacktrace)\nE       selenium.common.exceptions.TimeoutException: Message: \nE       Stacktrace:\nE       #0 0x55960b6f7303 <unknown>\nE       #1 0x55960b3dc2b7 <unknown>\nE       #2 0x55960b427cc0 <unknown>\nE       #3 0x55960b427db1 <unknown>\nE       #4 0x55960b46bb44 <unknown>\nE       #5 0x55960b44a3ad <unknown>\nE       #6 0x55960b46907c <unknown>\nE       #7 0x55960b44a123 <unknown>\nE       #8 0x55960b41a095 <unknown>\nE       #9 0x55960b41b09e <unknown>\nE       #10 0x55960b6bb6ab <unknown>\nE       #11 0x55960b6bf4ba <unknown>\nE       #12 0x55960b6a7f85 <unknown>\nE       #13 0x55960b6c012f <unknown>\nE       #14 0x55960b68be6f <unknown>\nE       #15 0x55960b6e45f8 <unknown>\nE       #16 0x55960b6e47c2 <unknown>\nE       #17 0x55960b6f64a4 <unknown>\nE       #18 0x7f613ae94ac3 <unknown>\n\n/opt/hostedtoolcache/Python/3.10.13/x64/lib/python3.10/site-packages/selenium/webdriver/support/wait.py:105: TimeoutException","flaky":false,"newFailed":false,"newBroken":false,"newPassed":false,"retriesCount":0,"retriesStatusChange":false,"beforeStages":[{"name":"_xunit_setup_method_fixture_TestHootel","time":{"start":1708628236344,"stop":1708628239915,"duration":3571},"status":"passed","steps":[],"attachments":[],"parameters":[],"shouldDisplayMessage":false,"stepsCount":0,"attachmentsCount":0,"hasContent":false,"attachmentStep":false}],"afterStages":[{"name":"_xunit_setup_method_fixture_TestHootel::0","time":{"start":1708628245043,"stop":1708628245102,"duration":59},"status":"passed","steps":[],"attachments":[],"parameters":[],"shouldDisplayMessage":false,"stepsCount":0,"attachmentsCount":0,"hasContent":false,"attachmentStep":false}],"labels":[{"name":"tag","value":"login"},{"name":"severity","value":"trivial"},{"name":"parentSuite","value":"test"},{"name":"suite","value":"test_hootel"},{"name":"subSuite","value":"TestHootel"},{"name":"host","value":"fv-az711-37"},{"name":"thread","value":"2232-MainThread"},{"name":"framework","value":"pytest"},{"name":"language","value":"cpython3"},{"name":"package","value":"test.test_hootel"},{"name":"resultFormat","value":"allure2"}],"parameters":[],"links":[],"hidden":false,"retry":false,"extra":{"severity":"trivial","retries":[],"categories":[{"name":"Test defects","matchedStatuses":[],"flaky":false}],"tags":["login"]},"source":"ce9041991095fa23.json","parameterValues":[]}