{"uid":"b0c7401f6b4ebd3e","name":"Hootel Login","fullName":"test.test_hootel.TestHootel#test_login","historyId":"1c574e300f01ee8dbb888f7ace0438ff","time":{"start":1708627969988,"stop":1708627975080,"duration":5092},"description":"A belépés tesztelése","descriptionHtml":"<p>A belépés tesztelése</p>\n","status":"broken","statusMessage":"selenium.common.exceptions.TimeoutException: Message: \nStacktrace:\n#0 0x55e63ed13303 <unknown>\n#1 0x55e63e9f82b7 <unknown>\n#2 0x55e63ea43cc0 <unknown>\n#3 0x55e63ea43db1 <unknown>\n#4 0x55e63ea87b44 <unknown>\n#5 0x55e63ea663ad <unknown>\n#6 0x55e63ea8507c <unknown>\n#7 0x55e63ea66123 <unknown>\n#8 0x55e63ea36095 <unknown>\n#9 0x55e63ea3709e <unknown>\n#10 0x55e63ecd76ab <unknown>\n#11 0x55e63ecdb4ba <unknown>\n#12 0x55e63ecc3f85 <unknown>\n#13 0x55e63ecdc12f <unknown>\n#14 0x55e63eca7e6f <unknown>\n#15 0x55e63ed005f8 <unknown>\n#16 0x55e63ed007c2 <unknown>\n#17 0x55e63ed124a4 <unknown>\n#18 0x7f1895694ac3 <unknown>","statusTrace":"self = <test_hootel.TestHootel object at 0x7f5465ee7490>\n\n    @allure.title(\"Hootel Login\")\n    @allure.description(\"A belépés tesztelése\")\n    @allure.severity(allure.severity_level.TRIVIAL)\n    @allure.tag(\"login\")\n    def test_login(self):\n>       menu_btn = WebDriverWait(self.browser,5).until(EC.element_to_be_clickable((By.XPATH, '//button[@class=\"navbar-toggler\"]')))\n\ntest/test_hootel.py:29: \n_ _ _ _ _ _ _ _ _ _ _ _ _ _ _ _ _ _ _ _ _ _ _ _ _ _ _ _ _ _ _ _ _ _ _ _ _ _ _ _ \n\nself = <selenium.webdriver.support.wait.WebDriverWait (session=\"1d197bc94c4be6bfdd2e14fea2bd614a\")>\nmethod = <function element_to_be_clickable.<locals>._predicate at 0x7f546678f250>\nmessage = ''\n\n    def until(self, method: Callable[[D], Union[Literal[False], T]], message: str = \"\") -> T:\n        \"\"\"Calls the method provided with the driver as an argument until the \\\n        return value does not evaluate to ``False``.\n    \n        :param method: callable(WebDriver)\n        :param message: optional message for :exc:`TimeoutException`\n        :returns: the result of the last call to `method`\n        :raises: :exc:`selenium.common.exceptions.TimeoutException` if timeout occurs\n        \"\"\"\n        screen = None\n        stacktrace = None\n    \n        end_time = time.monotonic() + self._timeout\n        while True:\n            try:\n                value = method(self._driver)\n                if value:\n                    return value\n            except self._ignored_exceptions as exc:\n                screen = getattr(exc, \"screen\", None)\n                stacktrace = getattr(exc, \"stacktrace\", None)\n            time.sleep(self._poll)\n            if time.monotonic() > end_time:\n                break\n>       raise TimeoutException(message, screen, stacktrace)\nE       selenium.common.exceptions.TimeoutException: Message: \nE       Stacktrace:\nE       #0 0x55e63ed13303 <unknown>\nE       #1 0x55e63e9f82b7 <unknown>\nE       #2 0x55e63ea43cc0 <unknown>\nE       #3 0x55e63ea43db1 <unknown>\nE       #4 0x55e63ea87b44 <unknown>\nE       #5 0x55e63ea663ad <unknown>\nE       #6 0x55e63ea8507c <unknown>\nE       #7 0x55e63ea66123 <unknown>\nE       #8 0x55e63ea36095 <unknown>\nE       #9 0x55e63ea3709e <unknown>\nE       #10 0x55e63ecd76ab <unknown>\nE       #11 0x55e63ecdb4ba <unknown>\nE       #12 0x55e63ecc3f85 <unknown>\nE       #13 0x55e63ecdc12f <unknown>\nE       #14 0x55e63eca7e6f <unknown>\nE       #15 0x55e63ed005f8 <unknown>\nE       #16 0x55e63ed007c2 <unknown>\nE       #17 0x55e63ed124a4 <unknown>\nE       #18 0x7f1895694ac3 <unknown>\n\n/opt/hostedtoolcache/Python/3.10.13/x64/lib/python3.10/site-packages/selenium/webdriver/support/wait.py:105: TimeoutException","flaky":false,"newFailed":false,"newBroken":false,"newPassed":false,"retriesCount":0,"retriesStatusChange":false,"beforeStages":[{"name":"_xunit_setup_method_fixture_TestHootel","time":{"start":1708627967448,"stop":1708627969987,"duration":2539},"status":"passed","steps":[],"attachments":[],"parameters":[],"shouldDisplayMessage":false,"stepsCount":0,"attachmentsCount":0,"hasContent":false,"attachmentStep":false}],"afterStages":[{"name":"_xunit_setup_method_fixture_TestHootel::0","time":{"start":1708627975110,"stop":1708627975167,"duration":57},"status":"passed","steps":[],"attachments":[],"parameters":[],"shouldDisplayMessage":false,"stepsCount":0,"attachmentsCount":0,"hasContent":false,"attachmentStep":false}],"labels":[{"name":"severity","value":"trivial"},{"name":"tag","value":"login"},{"name":"parentSuite","value":"test"},{"name":"suite","value":"test_hootel"},{"name":"subSuite","value":"TestHootel"},{"name":"host","value":"fv-az1024-537"},{"name":"thread","value":"2223-MainThread"},{"name":"framework","value":"pytest"},{"name":"language","value":"cpython3"},{"name":"package","value":"test.test_hootel"},{"name":"resultFormat","value":"allure2"}],"parameters":[],"links":[],"hidden":false,"retry":false,"extra":{"severity":"trivial","retries":[],"categories":[{"name":"Test defects","matchedStatuses":[],"flaky":false}],"tags":["login"]},"source":"b0c7401f6b4ebd3e.json","parameterValues":[]}